2025-02-05 00:02:03.883 -06:00 [ERR] Failed executing DbCommand (4ms) [Parameters=[@Id='0' (Nullable = false) (Size = 1)], CommandType='"Text"', CommandTimeout='30']
DELETE FROM Usuario WHERE Id = @Id
2025-02-05 00:02:17.716 -06:00 [ERR] Failed executing DbCommand (2ms) [Parameters=[@Id='0' (Nullable = false) (Size = 1)], CommandType='"Text"', CommandTimeout='30']
DELETE FROM Usuario WHERE Id = @Id
2025-02-05 00:05:53.811 -06:00 [ERR] 
EventId :2229-250205120553
ErrorList :Value cannot be null. (Parameter 'items')
StackTrace :   at System.ArgumentNullException.Throw(String paramName)
   at CallSite.Target(Closure, CallSite, Type, Object, String, String)
   at System.Dynamic.UpdateDelegates.UpdateAndExecute4[T0,T1,T2,T3,TRet](CallSite site, T0 arg0, T1 arg1, T2 arg2, T3 arg3)
   at AspNetCoreGeneratedDocument.Views_Usuario_Edit.<ExecuteAsync>b__32_0()
   at Microsoft.AspNetCore.Razor.Runtime.TagHelpers.TagHelperExecutionContext.GetChildContentAsync(Boolean useCachedResult, HtmlEncoder encoder)
   at Microsoft.AspNetCore.Mvc.TagHelpers.RenderAtEndOfFormTagHelper.ProcessAsync(TagHelperContext context, TagHelperOutput output)
   at Microsoft.AspNetCore.Razor.Runtime.TagHelpers.TagHelperRunner.<RunAsync>g__Awaited|0_0(Task task, TagHelperExecutionContext executionContext, Int32 i, Int32 count)
   at AspNetCoreGeneratedDocument.Views_Usuario_Edit.ExecuteAsync()
   at Microsoft.AspNetCore.Mvc.Razor.RazorView.RenderPageCoreAsync(IRazorPage page, ViewContext context)
   at Microsoft.AspNetCore.Mvc.Razor.RazorView.RenderPageAsync(IRazorPage page, ViewContext context, Boolean invokeViewStarts)
   at Microsoft.AspNetCore.Mvc.Razor.RazorView.RenderAsync(ViewContext context)
   at Microsoft.AspNetCore.Mvc.ViewFeatures.ViewExecutor.ExecuteAsync(ViewContext viewContext, String contentType, Nullable`1 statusCode)
   at Microsoft.AspNetCore.Mvc.ViewFeatures.ViewExecutor.ExecuteAsync(ViewContext viewContext, String contentType, Nullable`1 statusCode)
   at Microsoft.AspNetCore.Mvc.ViewFeatures.ViewExecutor.ExecuteAsync(ActionContext actionContext, IView view, ViewDataDictionary viewData, ITempDataDictionary tempData, String contentType, Nullable`1 statusCode)
   at Microsoft.AspNetCore.Mvc.ViewFeatures.ViewResultExecutor.ExecuteAsync(ActionContext context, ViewResult result)
   at Microsoft.AspNetCore.Mvc.ViewResult.ExecuteResultAsync(ActionContext context)
   at Microsoft.AspNetCore.Mvc.Infrastructure.ResourceInvoker.<InvokeResultAsync>g__Logged|22_0(ResourceInvoker invoker, IActionResult result)
   at Microsoft.AspNetCore.Mvc.Infrastructure.ResourceInvoker.<InvokeNextResultFilterAsync>g__Awaited|30_0[TFilter,TFilterAsync](ResourceInvoker invoker, Task lastTask, State next, Scope scope, Object state, Boolean isCompleted)
   at Microsoft.AspNetCore.Mvc.Infrastructure.ResourceInvoker.Rethrow(ResultExecutedContextSealed context)
   at Microsoft.AspNetCore.Mvc.Infrastructure.ResourceInvoker.ResultNext[TFilter,TFilterAsync](State& next, Scope& scope, Object& state, Boolean& isCompleted)
   at Microsoft.AspNetCore.Mvc.Infrastructure.ResourceInvoker.InvokeResultFilters()
--- End of stack trace from previous location ---
   at Microsoft.AspNetCore.Mvc.Infrastructure.ResourceInvoker.<InvokeNextResourceFilter>g__Awaited|25_0(ResourceInvoker invoker, Task lastTask, State next, Scope scope, Object state, Boolean isCompleted)
   at Microsoft.AspNetCore.Mvc.Infrastructure.ResourceInvoker.Rethrow(ResourceExecutedContextSealed context)
   at Microsoft.AspNetCore.Mvc.Infrastructure.ResourceInvoker.Next(State& next, Scope& scope, Object& state, Boolean& isCompleted)
   at Microsoft.AspNetCore.Mvc.Infrastructure.ResourceInvoker.InvokeFilterPipelineAsync()
--- End of stack trace from previous location ---
   at Microsoft.AspNetCore.Mvc.Infrastructure.ResourceInvoker.<InvokeAsync>g__Logged|17_1(ResourceInvoker invoker)
   at Microsoft.AspNetCore.Mvc.Infrastructure.ResourceInvoker.<InvokeAsync>g__Logged|17_1(ResourceInvoker invoker)
   at Microsoft.AspNetCore.Authorization.AuthorizationMiddleware.Invoke(HttpContext context)
   at Microsoft.AspNetCore.Authentication.AuthenticationMiddleware.Invoke(HttpContext context)
   at Serilog.AspNetCore.RequestLoggingMiddleware.Invoke(HttpContext httpContext)
   at Hogar.Web.Middleware.ErrorHandlingMiddleware.Invoke(HttpContext context)

2025-02-05 01:09:56.920 -06:00 [ERR] 
EventId :3348-250205010956
ErrorList :Multiple constructors accepting all given argument types have been found in type 'Hogar.Web.Controllers.UsuarioController'. There should only be one applicable constructor.
StackTrace :   at Microsoft.Extensions.DependencyInjection.ActivatorUtilities.TryFindMatchingConstructor(Type instanceType, Type[] argumentTypes, ConstructorInfo& matchingConstructor, Nullable`1[]& parameterMap)
   at Microsoft.Extensions.DependencyInjection.ActivatorUtilities.FindApplicableConstructor(Type instanceType, Type[] argumentTypes, ConstructorInfoEx[] constructors, ConstructorInfo& matchingConstructor, Nullable`1[]& matchingParameterMap)
   at Microsoft.Extensions.DependencyInjection.ActivatorUtilities.CreateFactoryInternal(Type instanceType, Type[] argumentTypes, ParameterExpression& provider, ParameterExpression& argumentArray, Expression& factoryExpressionBody)
   at Microsoft.Extensions.DependencyInjection.ActivatorUtilities.CreateFactory(Type instanceType, Type[] argumentTypes)
   at Microsoft.AspNetCore.Mvc.Controllers.ControllerActivatorProvider.CreateActivator(ControllerActionDescriptor descriptor)
   at Microsoft.AspNetCore.Mvc.Controllers.ControllerFactoryProvider.CreateControllerFactory(ControllerActionDescriptor descriptor)
   at Microsoft.AspNetCore.Mvc.Infrastructure.ControllerActionInvokerCache.GetCachedResult(ControllerContext controllerContext)
   at Microsoft.AspNetCore.Mvc.Routing.ControllerRequestDelegateFactory.<>c__DisplayClass12_0.<CreateRequestDelegate>b__0(HttpContext context)
   at Microsoft.AspNetCore.Authorization.AuthorizationMiddleware.Invoke(HttpContext context)
   at Microsoft.AspNetCore.Authentication.AuthenticationMiddleware.Invoke(HttpContext context)
   at Serilog.AspNetCore.RequestLoggingMiddleware.Invoke(HttpContext httpContext)
   at Hogar.Web.Middleware.ErrorHandlingMiddleware.Invoke(HttpContext context)

2025-02-05 01:14:46.809 -06:00 [ERR] Failed executing DbCommand (11ms) [Parameters=[@Id='0' (Nullable = false) (Size = 1), @Nombre='Fabian' (Nullable = false) (Size = 6), @Apellidos='Lopez Rodriguez' (Nullable = false) (Size = 15), @Correo='enriquefabianramirezramos@gmail.com' (Nullable = false) (Size = 35), @Contrase?a='$2a$11$ouUaNBCA9KtpJkvqq8LLE.ZA/XdBvAA6U2qcIbZBx1SOtgnFuCOXy' (Nullable = false) (Size = 60), @Tipo='1', @Estado='1'], CommandType='"Text"', CommandTimeout='30']

        INSERT INTO Usuario (Id, Nombre, Apellidos, Correo, Contrase?a, Tipo, Estado) 
        VALUES (@Id, @Nombre, @Apellidos, @Correo, @Contrase?a, @Tipo, @Estado);
2025-02-05 01:15:08.594 -06:00 [ERR] Failed executing DbCommand (6ms) [Parameters=[@Id='0' (Nullable = false) (Size = 1), @Nombre='Helado Tierno Kuwait' (Nullable = false) (Size = 20), @Apellidos='Lopez Rodriguez' (Nullable = false) (Size = 15), @Correo='enriquefabianramirezramos@gmail.com' (Nullable = false) (Size = 35), @Contrase?a='$2a$11$EoYjf2HrWX2LvBzvw0zqouxNXOaEZ.hRh34tgWTKbJEn/VzZYkL6C' (Nullable = false) (Size = 60), @Tipo='1', @Estado='1'], CommandType='"Text"', CommandTimeout='30']

        INSERT INTO Usuario (Id, Nombre, Apellidos, Correo, Contrase?a, Tipo, Estado) 
        VALUES (@Id, @Nombre, @Apellidos, @Correo, @Contrase?a, @Tipo, @Estado);
2025-02-05 01:19:17.691 -06:00 [ERR] Failed executing DbCommand (4ms) [Parameters=[@Id='0' (Nullable = false) (Size = 1), @Nombre='Helado Tierno Kuwait' (Nullable = false) (Size = 20), @Apellidos='Lopez Rodriguez' (Nullable = false) (Size = 15), @Correo='enriquefabianramirezramos@gmail.com' (Nullable = false) (Size = 35), @Contrase?a='$2a$11$wr88EP8u8IaqYgFCXWrtxupkyEVTPSMgY4mIU5W1ATf2JtZy5mjn.' (Nullable = false) (Size = 60), @Tipo='1', @Estado='1'], CommandType='"Text"', CommandTimeout='30']

        INSERT INTO Usuario (Id, Nombre, Apellidos, Correo, Contrase?a, Tipo, Estado) 
        VALUES (@Id, @Nombre, @Apellidos, @Correo, @Contrase?a, @Tipo, @Estado);
2025-02-05 01:19:40.247 -06:00 [ERR] Failed executing DbCommand (5ms) [Parameters=[@Id='0 ' (Nullable = false) (Size = 2), @Nombre='Fabian' (Nullable = false) (Size = 6), @Apellidos='Lopez Rodriguez' (Nullable = false) (Size = 15), @Correo='enriquefabianramirezramos@gmail.com' (Nullable = false) (Size = 35), @Contrase?a='$2a$11$.GxJHgs0GF/QCcj7BZ/7sOeYulVD./MleScr78mPojcQgfPbjSLP6' (Nullable = false) (Size = 60), @Tipo='1', @Estado='1'], CommandType='"Text"', CommandTimeout='30']

        INSERT INTO Usuario (Id, Nombre, Apellidos, Correo, Contrase?a, Tipo, Estado) 
        VALUES (@Id, @Nombre, @Apellidos, @Correo, @Contrase?a, @Tipo, @Estado);
2025-02-05 01:28:57.506 -06:00 [ERR] 
EventId :3215-250205012857
ErrorList :Value cannot be null. (Parameter 'items')
StackTrace :   at System.ArgumentNullException.Throw(String paramName)
   at CallSite.Target(Closure, CallSite, Type, Object, String, String)
   at System.Dynamic.UpdateDelegates.UpdateAndExecute4[T0,T1,T2,T3,TRet](CallSite site, T0 arg0, T1 arg1, T2 arg2, T3 arg3)
   at AspNetCoreGeneratedDocument.Views_Usuario_Edit.<ExecuteAsync>b__35_0() in D:\Documents\UTN\TCU\Proyecto\Hogar V5\Hogar\Hogar\Views\Usuario\Edit.cshtml:line 71
   at Microsoft.AspNetCore.Razor.Runtime.TagHelpers.TagHelperExecutionContext.GetChildContentAsync(Boolean useCachedResult, HtmlEncoder encoder)
   at Microsoft.AspNetCore.Mvc.TagHelpers.RenderAtEndOfFormTagHelper.ProcessAsync(TagHelperContext context, TagHelperOutput output)
   at Microsoft.AspNetCore.Razor.Runtime.TagHelpers.TagHelperRunner.<RunAsync>g__Awaited|0_0(Task task, TagHelperExecutionContext executionContext, Int32 i, Int32 count)
   at AspNetCoreGeneratedDocument.Views_Usuario_Edit.ExecuteAsync() in D:\Documents\UTN\TCU\Proyecto\Hogar V5\Hogar\Hogar\Views\Usuario\Edit.cshtml:line 4
   at Microsoft.AspNetCore.Mvc.Razor.RazorView.RenderPageCoreAsync(IRazorPage page, ViewContext context)
   at Microsoft.AspNetCore.Mvc.Razor.RazorView.RenderPageAsync(IRazorPage page, ViewContext context, Boolean invokeViewStarts)
   at Microsoft.AspNetCore.Mvc.Razor.RazorView.RenderAsync(ViewContext context)
   at Microsoft.AspNetCore.Mvc.ViewFeatures.ViewExecutor.ExecuteAsync(ViewContext viewContext, String contentType, Nullable`1 statusCode)
   at Microsoft.AspNetCore.Mvc.ViewFeatures.ViewExecutor.ExecuteAsync(ViewContext viewContext, String contentType, Nullable`1 statusCode)
   at Microsoft.AspNetCore.Mvc.ViewFeatures.ViewExecutor.ExecuteAsync(ActionContext actionContext, IView view, ViewDataDictionary viewData, ITempDataDictionary tempData, String contentType, Nullable`1 statusCode)
   at Microsoft.AspNetCore.Mvc.ViewFeatures.ViewResultExecutor.ExecuteAsync(ActionContext context, ViewResult result)
   at Microsoft.AspNetCore.Mvc.ViewResult.ExecuteResultAsync(ActionContext context)
   at Microsoft.AspNetCore.Mvc.Infrastructure.ResourceInvoker.<InvokeResultAsync>g__Logged|22_0(ResourceInvoker invoker, IActionResult result)
   at Microsoft.AspNetCore.Mvc.Infrastructure.ResourceInvoker.<InvokeNextResultFilterAsync>g__Awaited|30_0[TFilter,TFilterAsync](ResourceInvoker invoker, Task lastTask, State next, Scope scope, Object state, Boolean isCompleted)
   at Microsoft.AspNetCore.Mvc.Infrastructure.ResourceInvoker.Rethrow(ResultExecutedContextSealed context)
   at Microsoft.AspNetCore.Mvc.Infrastructure.ResourceInvoker.ResultNext[TFilter,TFilterAsync](State& next, Scope& scope, Object& state, Boolean& isCompleted)
   at Microsoft.AspNetCore.Mvc.Infrastructure.ResourceInvoker.InvokeResultFilters()
--- End of stack trace from previous location ---
   at Microsoft.AspNetCore.Mvc.Infrastructure.ResourceInvoker.<InvokeNextResourceFilter>g__Awaited|25_0(ResourceInvoker invoker, Task lastTask, State next, Scope scope, Object state, Boolean isCompleted)
   at Microsoft.AspNetCore.Mvc.Infrastructure.ResourceInvoker.Rethrow(ResourceExecutedContextSealed context)
   at Microsoft.AspNetCore.Mvc.Infrastructure.ResourceInvoker.Next(State& next, Scope& scope, Object& state, Boolean& isCompleted)
   at Microsoft.AspNetCore.Mvc.Infrastructure.ResourceInvoker.InvokeFilterPipelineAsync()
--- End of stack trace from previous location ---
   at Microsoft.AspNetCore.Mvc.Infrastructure.ResourceInvoker.<InvokeAsync>g__Logged|17_1(ResourceInvoker invoker)
   at Microsoft.AspNetCore.Mvc.Infrastructure.ResourceInvoker.<InvokeAsync>g__Logged|17_1(ResourceInvoker invoker)
   at Microsoft.AspNetCore.Authorization.AuthorizationMiddleware.Invoke(HttpContext context)
   at Microsoft.AspNetCore.Authentication.AuthenticationMiddleware.Invoke(HttpContext context)
   at Serilog.AspNetCore.RequestLoggingMiddleware.Invoke(HttpContext httpContext)
   at Hogar.Web.Middleware.ErrorHandlingMiddleware.Invoke(HttpContext context) in D:\Documents\UTN\TCU\Proyecto\Hogar V5\Hogar\Hogar\Middleware\ErrorHandlingMiddleware.cs:line 21

2025-02-05 01:30:02.563 -06:00 [ERR] 
EventId :23-250205013002
ErrorList :Value cannot be null. (Parameter 'items')
StackTrace :   at System.ArgumentNullException.Throw(String paramName)
   at CallSite.Target(Closure, CallSite, Type, Object, String, String)
   at System.Dynamic.UpdateDelegates.UpdateAndExecute4[T0,T1,T2,T3,TRet](CallSite site, T0 arg0, T1 arg1, T2 arg2, T3 arg3)
   at AspNetCoreGeneratedDocument.Views_Usuario_Edit.<ExecuteAsync>b__35_0() in D:\Documents\UTN\TCU\Proyecto\Hogar V5\Hogar\Hogar\Views\Usuario\Edit.cshtml:line 71
   at Microsoft.AspNetCore.Razor.Runtime.TagHelpers.TagHelperExecutionContext.GetChildContentAsync(Boolean useCachedResult, HtmlEncoder encoder)
   at Microsoft.AspNetCore.Mvc.TagHelpers.RenderAtEndOfFormTagHelper.ProcessAsync(TagHelperContext context, TagHelperOutput output)
   at Microsoft.AspNetCore.Razor.Runtime.TagHelpers.TagHelperRunner.<RunAsync>g__Awaited|0_0(Task task, TagHelperExecutionContext executionContext, Int32 i, Int32 count)
   at AspNetCoreGeneratedDocument.Views_Usuario_Edit.ExecuteAsync() in D:\Documents\UTN\TCU\Proyecto\Hogar V5\Hogar\Hogar\Views\Usuario\Edit.cshtml:line 4
   at Microsoft.AspNetCore.Mvc.Razor.RazorView.RenderPageCoreAsync(IRazorPage page, ViewContext context)
   at Microsoft.AspNetCore.Mvc.Razor.RazorView.RenderPageAsync(IRazorPage page, ViewContext context, Boolean invokeViewStarts)
   at Microsoft.AspNetCore.Mvc.Razor.RazorView.RenderAsync(ViewContext context)
   at Microsoft.AspNetCore.Mvc.ViewFeatures.ViewExecutor.ExecuteAsync(ViewContext viewContext, String contentType, Nullable`1 statusCode)
   at Microsoft.AspNetCore.Mvc.ViewFeatures.ViewExecutor.ExecuteAsync(ViewContext viewContext, String contentType, Nullable`1 statusCode)
   at Microsoft.AspNetCore.Mvc.ViewFeatures.ViewExecutor.ExecuteAsync(ActionContext actionContext, IView view, ViewDataDictionary viewData, ITempDataDictionary tempData, String contentType, Nullable`1 statusCode)
   at Microsoft.AspNetCore.Mvc.ViewFeatures.ViewResultExecutor.ExecuteAsync(ActionContext context, ViewResult result)
   at Microsoft.AspNetCore.Mvc.ViewResult.ExecuteResultAsync(ActionContext context)
   at Microsoft.AspNetCore.Mvc.Infrastructure.ResourceInvoker.<InvokeResultAsync>g__Logged|22_0(ResourceInvoker invoker, IActionResult result)
   at Microsoft.AspNetCore.Mvc.Infrastructure.ResourceInvoker.<InvokeNextResultFilterAsync>g__Awaited|30_0[TFilter,TFilterAsync](ResourceInvoker invoker, Task lastTask, State next, Scope scope, Object state, Boolean isCompleted)
   at Microsoft.AspNetCore.Mvc.Infrastructure.ResourceInvoker.Rethrow(ResultExecutedContextSealed context)
   at Microsoft.AspNetCore.Mvc.Infrastructure.ResourceInvoker.ResultNext[TFilter,TFilterAsync](State& next, Scope& scope, Object& state, Boolean& isCompleted)
   at Microsoft.AspNetCore.Mvc.Infrastructure.ResourceInvoker.InvokeResultFilters()
--- End of stack trace from previous location ---
   at Microsoft.AspNetCore.Mvc.Infrastructure.ResourceInvoker.<InvokeNextResourceFilter>g__Awaited|25_0(ResourceInvoker invoker, Task lastTask, State next, Scope scope, Object state, Boolean isCompleted)
   at Microsoft.AspNetCore.Mvc.Infrastructure.ResourceInvoker.Rethrow(ResourceExecutedContextSealed context)
   at Microsoft.AspNetCore.Mvc.Infrastructure.ResourceInvoker.Next(State& next, Scope& scope, Object& state, Boolean& isCompleted)
   at Microsoft.AspNetCore.Mvc.Infrastructure.ResourceInvoker.InvokeFilterPipelineAsync()
--- End of stack trace from previous location ---
   at Microsoft.AspNetCore.Mvc.Infrastructure.ResourceInvoker.<InvokeAsync>g__Logged|17_1(ResourceInvoker invoker)
   at Microsoft.AspNetCore.Mvc.Infrastructure.ResourceInvoker.<InvokeAsync>g__Logged|17_1(ResourceInvoker invoker)
   at Microsoft.AspNetCore.Authorization.AuthorizationMiddleware.Invoke(HttpContext context)
   at Microsoft.AspNetCore.Authentication.AuthenticationMiddleware.Invoke(HttpContext context)
   at Serilog.AspNetCore.RequestLoggingMiddleware.Invoke(HttpContext httpContext)
   at Hogar.Web.Middleware.ErrorHandlingMiddleware.Invoke(HttpContext context) in D:\Documents\UTN\TCU\Proyecto\Hogar V5\Hogar\Hogar\Middleware\ErrorHandlingMiddleware.cs:line 21

2025-02-05 01:30:16.399 -06:00 [ERR] 
EventId :1611-250205013016
ErrorList :Value cannot be null. (Parameter 'items')
StackTrace :   at System.ArgumentNullException.Throw(String paramName)
   at CallSite.Target(Closure, CallSite, Type, Object, String, String)
   at System.Dynamic.UpdateDelegates.UpdateAndExecute4[T0,T1,T2,T3,TRet](CallSite site, T0 arg0, T1 arg1, T2 arg2, T3 arg3)
   at AspNetCoreGeneratedDocument.Views_Usuario_Edit.<ExecuteAsync>b__35_0() in D:\Documents\UTN\TCU\Proyecto\Hogar V5\Hogar\Hogar\Views\Usuario\Edit.cshtml:line 71
   at Microsoft.AspNetCore.Razor.Runtime.TagHelpers.TagHelperExecutionContext.GetChildContentAsync(Boolean useCachedResult, HtmlEncoder encoder)
   at Microsoft.AspNetCore.Mvc.TagHelpers.RenderAtEndOfFormTagHelper.ProcessAsync(TagHelperContext context, TagHelperOutput output)
   at Microsoft.AspNetCore.Razor.Runtime.TagHelpers.TagHelperRunner.<RunAsync>g__Awaited|0_0(Task task, TagHelperExecutionContext executionContext, Int32 i, Int32 count)
   at AspNetCoreGeneratedDocument.Views_Usuario_Edit.ExecuteAsync() in D:\Documents\UTN\TCU\Proyecto\Hogar V5\Hogar\Hogar\Views\Usuario\Edit.cshtml:line 4
   at Microsoft.AspNetCore.Mvc.Razor.RazorView.RenderPageCoreAsync(IRazorPage page, ViewContext context)
   at Microsoft.AspNetCore.Mvc.Razor.RazorView.RenderPageAsync(IRazorPage page, ViewContext context, Boolean invokeViewStarts)
   at Microsoft.AspNetCore.Mvc.Razor.RazorView.RenderAsync(ViewContext context)
   at Microsoft.AspNetCore.Mvc.ViewFeatures.ViewExecutor.ExecuteAsync(ViewContext viewContext, String contentType, Nullable`1 statusCode)
   at Microsoft.AspNetCore.Mvc.ViewFeatures.ViewExecutor.ExecuteAsync(ViewContext viewContext, String contentType, Nullable`1 statusCode)
   at Microsoft.AspNetCore.Mvc.ViewFeatures.ViewExecutor.ExecuteAsync(ActionContext actionContext, IView view, ViewDataDictionary viewData, ITempDataDictionary tempData, String contentType, Nullable`1 statusCode)
   at Microsoft.AspNetCore.Mvc.ViewFeatures.ViewResultExecutor.ExecuteAsync(ActionContext context, ViewResult result)
   at Microsoft.AspNetCore.Mvc.ViewResult.ExecuteResultAsync(ActionContext context)
   at Microsoft.AspNetCore.Mvc.Infrastructure.ResourceInvoker.<InvokeResultAsync>g__Logged|22_0(ResourceInvoker invoker, IActionResult result)
   at Microsoft.AspNetCore.Mvc.Infrastructure.ResourceInvoker.<InvokeNextResultFilterAsync>g__Awaited|30_0[TFilter,TFilterAsync](ResourceInvoker invoker, Task lastTask, State next, Scope scope, Object state, Boolean isCompleted)
   at Microsoft.AspNetCore.Mvc.Infrastructure.ResourceInvoker.Rethrow(ResultExecutedContextSealed context)
   at Microsoft.AspNetCore.Mvc.Infrastructure.ResourceInvoker.ResultNext[TFilter,TFilterAsync](State& next, Scope& scope, Object& state, Boolean& isCompleted)
   at Microsoft.AspNetCore.Mvc.Infrastructure.ResourceInvoker.InvokeResultFilters()
--- End of stack trace from previous location ---
   at Microsoft.AspNetCore.Mvc.Infrastructure.ResourceInvoker.<InvokeNextResourceFilter>g__Awaited|25_0(ResourceInvoker invoker, Task lastTask, State next, Scope scope, Object state, Boolean isCompleted)
   at Microsoft.AspNetCore.Mvc.Infrastructure.ResourceInvoker.Rethrow(ResourceExecutedContextSealed context)
   at Microsoft.AspNetCore.Mvc.Infrastructure.ResourceInvoker.Next(State& next, Scope& scope, Object& state, Boolean& isCompleted)
   at Microsoft.AspNetCore.Mvc.Infrastructure.ResourceInvoker.InvokeFilterPipelineAsync()
--- End of stack trace from previous location ---
   at Microsoft.AspNetCore.Mvc.Infrastructure.ResourceInvoker.<InvokeAsync>g__Logged|17_1(ResourceInvoker invoker)
   at Microsoft.AspNetCore.Mvc.Infrastructure.ResourceInvoker.<InvokeAsync>g__Logged|17_1(ResourceInvoker invoker)
   at Microsoft.AspNetCore.Authorization.AuthorizationMiddleware.Invoke(HttpContext context)
   at Microsoft.AspNetCore.Authentication.AuthenticationMiddleware.Invoke(HttpContext context)
   at Serilog.AspNetCore.RequestLoggingMiddleware.Invoke(HttpContext httpContext)
   at Hogar.Web.Middleware.ErrorHandlingMiddleware.Invoke(HttpContext context) in D:\Documents\UTN\TCU\Proyecto\Hogar V5\Hogar\Hogar\Middleware\ErrorHandlingMiddleware.cs:line 21

2025-02-05 01:30:48.733 -06:00 [ERR] 
EventId :3470-250205013048
ErrorList :Value cannot be null. (Parameter 'items')
StackTrace :   at System.ArgumentNullException.Throw(String paramName)
   at CallSite.Target(Closure, CallSite, Type, Object, String, String)
   at System.Dynamic.UpdateDelegates.UpdateAndExecute4[T0,T1,T2,T3,TRet](CallSite site, T0 arg0, T1 arg1, T2 arg2, T3 arg3)
   at AspNetCoreGeneratedDocument.Views_Usuario_Edit.<ExecuteAsync>b__35_0() in D:\Documents\UTN\TCU\Proyecto\Hogar V5\Hogar\Hogar\Views\Usuario\Edit.cshtml:line 71
   at Microsoft.AspNetCore.Razor.Runtime.TagHelpers.TagHelperExecutionContext.GetChildContentAsync(Boolean useCachedResult, HtmlEncoder encoder)
   at Microsoft.AspNetCore.Mvc.TagHelpers.RenderAtEndOfFormTagHelper.ProcessAsync(TagHelperContext context, TagHelperOutput output)
   at Microsoft.AspNetCore.Razor.Runtime.TagHelpers.TagHelperRunner.<RunAsync>g__Awaited|0_0(Task task, TagHelperExecutionContext executionContext, Int32 i, Int32 count)
   at AspNetCoreGeneratedDocument.Views_Usuario_Edit.ExecuteAsync() in D:\Documents\UTN\TCU\Proyecto\Hogar V5\Hogar\Hogar\Views\Usuario\Edit.cshtml:line 4
   at Microsoft.AspNetCore.Mvc.Razor.RazorView.RenderPageCoreAsync(IRazorPage page, ViewContext context)
   at Microsoft.AspNetCore.Mvc.Razor.RazorView.RenderPageAsync(IRazorPage page, ViewContext context, Boolean invokeViewStarts)
   at Microsoft.AspNetCore.Mvc.Razor.RazorView.RenderAsync(ViewContext context)
   at Microsoft.AspNetCore.Mvc.ViewFeatures.ViewExecutor.ExecuteAsync(ViewContext viewContext, String contentType, Nullable`1 statusCode)
   at Microsoft.AspNetCore.Mvc.ViewFeatures.ViewExecutor.ExecuteAsync(ViewContext viewContext, String contentType, Nullable`1 statusCode)
   at Microsoft.AspNetCore.Mvc.ViewFeatures.ViewExecutor.ExecuteAsync(ActionContext actionContext, IView view, ViewDataDictionary viewData, ITempDataDictionary tempData, String contentType, Nullable`1 statusCode)
   at Microsoft.AspNetCore.Mvc.ViewFeatures.ViewResultExecutor.ExecuteAsync(ActionContext context, ViewResult result)
   at Microsoft.AspNetCore.Mvc.ViewResult.ExecuteResultAsync(ActionContext context)
   at Microsoft.AspNetCore.Mvc.Infrastructure.ResourceInvoker.<InvokeResultAsync>g__Logged|22_0(ResourceInvoker invoker, IActionResult result)
   at Microsoft.AspNetCore.Mvc.Infrastructure.ResourceInvoker.<InvokeNextResultFilterAsync>g__Awaited|30_0[TFilter,TFilterAsync](ResourceInvoker invoker, Task lastTask, State next, Scope scope, Object state, Boolean isCompleted)
   at Microsoft.AspNetCore.Mvc.Infrastructure.ResourceInvoker.Rethrow(ResultExecutedContextSealed context)
   at Microsoft.AspNetCore.Mvc.Infrastructure.ResourceInvoker.ResultNext[TFilter,TFilterAsync](State& next, Scope& scope, Object& state, Boolean& isCompleted)
   at Microsoft.AspNetCore.Mvc.Infrastructure.ResourceInvoker.InvokeResultFilters()
--- End of stack trace from previous location ---
   at Microsoft.AspNetCore.Mvc.Infrastructure.ResourceInvoker.<InvokeNextResourceFilter>g__Awaited|25_0(ResourceInvoker invoker, Task lastTask, State next, Scope scope, Object state, Boolean isCompleted)
   at Microsoft.AspNetCore.Mvc.Infrastructure.ResourceInvoker.Rethrow(ResourceExecutedContextSealed context)
   at Microsoft.AspNetCore.Mvc.Infrastructure.ResourceInvoker.Next(State& next, Scope& scope, Object& state, Boolean& isCompleted)
   at Microsoft.AspNetCore.Mvc.Infrastructure.ResourceInvoker.InvokeFilterPipelineAsync()
--- End of stack trace from previous location ---
   at Microsoft.AspNetCore.Mvc.Infrastructure.ResourceInvoker.<InvokeAsync>g__Logged|17_1(ResourceInvoker invoker)
   at Microsoft.AspNetCore.Mvc.Infrastructure.ResourceInvoker.<InvokeAsync>g__Logged|17_1(ResourceInvoker invoker)
   at Microsoft.AspNetCore.Authorization.AuthorizationMiddleware.Invoke(HttpContext context)
   at Microsoft.AspNetCore.Authentication.AuthenticationMiddleware.Invoke(HttpContext context)
   at Serilog.AspNetCore.RequestLoggingMiddleware.Invoke(HttpContext httpContext)
   at Hogar.Web.Middleware.ErrorHandlingMiddleware.Invoke(HttpContext context) in D:\Documents\UTN\TCU\Proyecto\Hogar V5\Hogar\Hogar\Middleware\ErrorHandlingMiddleware.cs:line 21

2025-02-05 01:37:15.618 -06:00 [ERR] 
EventId :1481-250205013715
ErrorList :Value cannot be null. (Parameter 'items')
StackTrace :   at System.ArgumentNullException.Throw(String paramName)
   at CallSite.Target(Closure, CallSite, Type, Object, String, String)
   at System.Dynamic.UpdateDelegates.UpdateAndExecute4[T0,T1,T2,T3,TRet](CallSite site, T0 arg0, T1 arg1, T2 arg2, T3 arg3)
   at AspNetCoreGeneratedDocument.Views_Usuario_Edit.<ExecuteAsync>b__35_0()
   at Microsoft.AspNetCore.Razor.Runtime.TagHelpers.TagHelperExecutionContext.GetChildContentAsync(Boolean useCachedResult, HtmlEncoder encoder)
   at Microsoft.AspNetCore.Mvc.TagHelpers.RenderAtEndOfFormTagHelper.ProcessAsync(TagHelperContext context, TagHelperOutput output)
   at Microsoft.AspNetCore.Razor.Runtime.TagHelpers.TagHelperRunner.<RunAsync>g__Awaited|0_0(Task task, TagHelperExecutionContext executionContext, Int32 i, Int32 count)
   at AspNetCoreGeneratedDocument.Views_Usuario_Edit.ExecuteAsync()
   at Microsoft.AspNetCore.Mvc.Razor.RazorView.RenderPageCoreAsync(IRazorPage page, ViewContext context)
   at Microsoft.AspNetCore.Mvc.Razor.RazorView.RenderPageAsync(IRazorPage page, ViewContext context, Boolean invokeViewStarts)
   at Microsoft.AspNetCore.Mvc.Razor.RazorView.RenderAsync(ViewContext context)
   at Microsoft.AspNetCore.Mvc.ViewFeatures.ViewExecutor.ExecuteAsync(ViewContext viewContext, String contentType, Nullable`1 statusCode)
   at Microsoft.AspNetCore.Mvc.ViewFeatures.ViewExecutor.ExecuteAsync(ViewContext viewContext, String contentType, Nullable`1 statusCode)
   at Microsoft.AspNetCore.Mvc.ViewFeatures.ViewExecutor.ExecuteAsync(ActionContext actionContext, IView view, ViewDataDictionary viewData, ITempDataDictionary tempData, String contentType, Nullable`1 statusCode)
   at Microsoft.AspNetCore.Mvc.ViewFeatures.ViewResultExecutor.ExecuteAsync(ActionContext context, ViewResult result)
   at Microsoft.AspNetCore.Mvc.ViewResult.ExecuteResultAsync(ActionContext context)
   at Microsoft.AspNetCore.Mvc.Infrastructure.ResourceInvoker.<InvokeResultAsync>g__Logged|22_0(ResourceInvoker invoker, IActionResult result)
   at Microsoft.AspNetCore.Mvc.Infrastructure.ResourceInvoker.<InvokeNextResultFilterAsync>g__Awaited|30_0[TFilter,TFilterAsync](ResourceInvoker invoker, Task lastTask, State next, Scope scope, Object state, Boolean isCompleted)
   at Microsoft.AspNetCore.Mvc.Infrastructure.ResourceInvoker.Rethrow(ResultExecutedContextSealed context)
   at Microsoft.AspNetCore.Mvc.Infrastructure.ResourceInvoker.ResultNext[TFilter,TFilterAsync](State& next, Scope& scope, Object& state, Boolean& isCompleted)
   at Microsoft.AspNetCore.Mvc.Infrastructure.ResourceInvoker.InvokeResultFilters()
--- End of stack trace from previous location ---
   at Microsoft.AspNetCore.Mvc.Infrastructure.ResourceInvoker.<InvokeNextResourceFilter>g__Awaited|25_0(ResourceInvoker invoker, Task lastTask, State next, Scope scope, Object state, Boolean isCompleted)
   at Microsoft.AspNetCore.Mvc.Infrastructure.ResourceInvoker.Rethrow(ResourceExecutedContextSealed context)
   at Microsoft.AspNetCore.Mvc.Infrastructure.ResourceInvoker.Next(State& next, Scope& scope, Object& state, Boolean& isCompleted)
   at Microsoft.AspNetCore.Mvc.Infrastructure.ResourceInvoker.InvokeFilterPipelineAsync()
--- End of stack trace from previous location ---
   at Microsoft.AspNetCore.Mvc.Infrastructure.ResourceInvoker.<InvokeAsync>g__Logged|17_1(ResourceInvoker invoker)
   at Microsoft.AspNetCore.Mvc.Infrastructure.ResourceInvoker.<InvokeAsync>g__Logged|17_1(ResourceInvoker invoker)
   at Microsoft.AspNetCore.Authorization.AuthorizationMiddleware.Invoke(HttpContext context)
   at Microsoft.AspNetCore.Authentication.AuthenticationMiddleware.Invoke(HttpContext context)
   at Serilog.AspNetCore.RequestLoggingMiddleware.Invoke(HttpContext httpContext)
   at Hogar.Web.Middleware.ErrorHandlingMiddleware.Invoke(HttpContext context)

2025-02-05 01:37:16.965 -06:00 [ERR] 
EventId :4518-250205013716
ErrorList :The method 'Hogar.Application.DTOs.UsuarioDTO.get_Contrase?a2' is not a property accessor (Parameter 'propertyAccessor')
StackTrace :   at System.Linq.Expressions.Expression.GetProperty(MethodInfo mi, String paramName, Int32 index)
   at System.Linq.Expressions.Expression.Property(Expression expression, MethodInfo propertyAccessor)
   at AspNetCoreGeneratedDocument.Views_Usuario_Edit.<ExecuteAsync>b__35_0()
   at Microsoft.AspNetCore.Razor.Runtime.TagHelpers.TagHelperExecutionContext.GetChildContentAsync(Boolean useCachedResult, HtmlEncoder encoder)
   at Microsoft.AspNetCore.Mvc.TagHelpers.RenderAtEndOfFormTagHelper.ProcessAsync(TagHelperContext context, TagHelperOutput output)
   at Microsoft.AspNetCore.Razor.Runtime.TagHelpers.TagHelperRunner.<RunAsync>g__Awaited|0_0(Task task, TagHelperExecutionContext executionContext, Int32 i, Int32 count)
   at AspNetCoreGeneratedDocument.Views_Usuario_Edit.ExecuteAsync()
   at Microsoft.AspNetCore.Mvc.Razor.RazorView.RenderPageCoreAsync(IRazorPage page, ViewContext context)
   at Microsoft.AspNetCore.Mvc.Razor.RazorView.RenderPageAsync(IRazorPage page, ViewContext context, Boolean invokeViewStarts)
   at Microsoft.AspNetCore.Mvc.Razor.RazorView.RenderAsync(ViewContext context)
   at Microsoft.AspNetCore.Mvc.ViewFeatures.ViewExecutor.ExecuteAsync(ViewContext viewContext, String contentType, Nullable`1 statusCode)
   at Microsoft.AspNetCore.Mvc.ViewFeatures.ViewExecutor.ExecuteAsync(ViewContext viewContext, String contentType, Nullable`1 statusCode)
   at Microsoft.AspNetCore.Mvc.ViewFeatures.ViewExecutor.ExecuteAsync(ActionContext actionContext, IView view, ViewDataDictionary viewData, ITempDataDictionary tempData, String contentType, Nullable`1 statusCode)
   at Microsoft.AspNetCore.Mvc.ViewFeatures.ViewResultExecutor.ExecuteAsync(ActionContext context, ViewResult result)
   at Microsoft.AspNetCore.Mvc.ViewResult.ExecuteResultAsync(ActionContext context)
   at Microsoft.AspNetCore.Mvc.Infrastructure.ResourceInvoker.<InvokeResultAsync>g__Logged|22_0(ResourceInvoker invoker, IActionResult result)
   at Microsoft.AspNetCore.Mvc.Infrastructure.ResourceInvoker.<InvokeNextResultFilterAsync>g__Awaited|30_0[TFilter,TFilterAsync](ResourceInvoker invoker, Task lastTask, State next, Scope scope, Object state, Boolean isCompleted)
   at Microsoft.AspNetCore.Mvc.Infrastructure.ResourceInvoker.Rethrow(ResultExecutedContextSealed context)
   at Microsoft.AspNetCore.Mvc.Infrastructure.ResourceInvoker.ResultNext[TFilter,TFilterAsync](State& next, Scope& scope, Object& state, Boolean& isCompleted)
   at Microsoft.AspNetCore.Mvc.Infrastructure.ResourceInvoker.InvokeResultFilters()
--- End of stack trace from previous location ---
   at Microsoft.AspNetCore.Mvc.Infrastructure.ResourceInvoker.<InvokeNextResourceFilter>g__Awaited|25_0(ResourceInvoker invoker, Task lastTask, State next, Scope scope, Object state, Boolean isCompleted)
   at Microsoft.AspNetCore.Mvc.Infrastructure.ResourceInvoker.Rethrow(ResourceExecutedContextSealed context)
   at Microsoft.AspNetCore.Mvc.Infrastructure.ResourceInvoker.Next(State& next, Scope& scope, Object& state, Boolean& isCompleted)
   at Microsoft.AspNetCore.Mvc.Infrastructure.ResourceInvoker.<InvokeFilterPipelineAsync>g__Awaited|20_0(ResourceInvoker invoker, Task lastTask, State next, Scope scope, Object state, Boolean isCompleted)
   at Microsoft.AspNetCore.Mvc.Infrastructure.ResourceInvoker.<InvokeAsync>g__Logged|17_1(ResourceInvoker invoker)
   at Microsoft.AspNetCore.Mvc.Infrastructure.ResourceInvoker.<InvokeAsync>g__Logged|17_1(ResourceInvoker invoker)
   at Microsoft.AspNetCore.Authorization.AuthorizationMiddleware.Invoke(HttpContext context)
   at Microsoft.AspNetCore.Authentication.AuthenticationMiddleware.Invoke(HttpContext context)
   at Serilog.AspNetCore.RequestLoggingMiddleware.Invoke(HttpContext httpContext)
   at Hogar.Web.Middleware.ErrorHandlingMiddleware.Invoke(HttpContext context)

2025-02-05 01:37:18.135 -06:00 [ERR] An unhandled exception has occurred while executing the request.
System.InvalidOperationException: Invalid non-ASCII or control character in header: 0x00F1
   at Microsoft.AspNetCore.Server.Kestrel.Core.Internal.Http.HttpHeaders.ThrowInvalidHeaderCharacter(Char ch)
   at Microsoft.AspNetCore.Server.Kestrel.Core.Internal.Http.HttpHeaders.ValidateHeaderValueCharacters(String headerName, StringValues headerValues, Func`2 encodingSelector)
   at Microsoft.AspNetCore.Server.Kestrel.Core.Internal.Http.HttpResponseHeaders.Microsoft.AspNetCore.Http.IHeaderDictionary.set_Location(StringValues value)
   at Hogar.Web.Middleware.ErrorHandlingMiddleware.HandleErrorAsync(HttpContext context)
   at Hogar.Web.Middleware.ErrorHandlingMiddleware.Invoke(HttpContext context)
   at Program.<>c.<<<Main>$>b__0_10>d.MoveNext()
--- End of stack trace from previous location ---
   at Microsoft.AspNetCore.Session.SessionMiddleware.Invoke(HttpContext context)
   at Microsoft.AspNetCore.Session.SessionMiddleware.Invoke(HttpContext context)
   at Microsoft.AspNetCore.Diagnostics.DeveloperExceptionPageMiddlewareImpl.Invoke(HttpContext context)
2025-02-05 01:37:40.258 -06:00 [ERR] 
EventId :4218-250205013740
ErrorList :Value cannot be null. (Parameter 'items')
StackTrace :   at System.ArgumentNullException.Throw(String paramName)
   at CallSite.Target(Closure, CallSite, Type, Object, String, String)
   at System.Dynamic.UpdateDelegates.UpdateAndExecute4[T0,T1,T2,T3,TRet](CallSite site, T0 arg0, T1 arg1, T2 arg2, T3 arg3)
   at AspNetCoreGeneratedDocument.Views_Usuario_Edit.<ExecuteAsync>b__35_0()
   at Microsoft.AspNetCore.Razor.Runtime.TagHelpers.TagHelperExecutionContext.GetChildContentAsync(Boolean useCachedResult, HtmlEncoder encoder)
   at Microsoft.AspNetCore.Mvc.TagHelpers.RenderAtEndOfFormTagHelper.ProcessAsync(TagHelperContext context, TagHelperOutput output)
   at Microsoft.AspNetCore.Razor.Runtime.TagHelpers.TagHelperRunner.<RunAsync>g__Awaited|0_0(Task task, TagHelperExecutionContext executionContext, Int32 i, Int32 count)
   at AspNetCoreGeneratedDocument.Views_Usuario_Edit.ExecuteAsync()
   at Microsoft.AspNetCore.Mvc.Razor.RazorView.RenderPageCoreAsync(IRazorPage page, ViewContext context)
   at Microsoft.AspNetCore.Mvc.Razor.RazorView.RenderPageAsync(IRazorPage page, ViewContext context, Boolean invokeViewStarts)
   at Microsoft.AspNetCore.Mvc.Razor.RazorView.RenderAsync(ViewContext context)
   at Microsoft.AspNetCore.Mvc.ViewFeatures.ViewExecutor.ExecuteAsync(ViewContext viewContext, String contentType, Nullable`1 statusCode)
   at Microsoft.AspNetCore.Mvc.ViewFeatures.ViewExecutor.ExecuteAsync(ViewContext viewContext, String contentType, Nullable`1 statusCode)
   at Microsoft.AspNetCore.Mvc.ViewFeatures.ViewExecutor.ExecuteAsync(ActionContext actionContext, IView view, ViewDataDictionary viewData, ITempDataDictionary tempData, String contentType, Nullable`1 statusCode)
   at Microsoft.AspNetCore.Mvc.ViewFeatures.ViewResultExecutor.ExecuteAsync(ActionContext context, ViewResult result)
   at Microsoft.AspNetCore.Mvc.ViewResult.ExecuteResultAsync(ActionContext context)
   at Microsoft.AspNetCore.Mvc.Infrastructure.ResourceInvoker.<InvokeResultAsync>g__Logged|22_0(ResourceInvoker invoker, IActionResult result)
   at Microsoft.AspNetCore.Mvc.Infrastructure.ResourceInvoker.<InvokeNextResultFilterAsync>g__Awaited|30_0[TFilter,TFilterAsync](ResourceInvoker invoker, Task lastTask, State next, Scope scope, Object state, Boolean isCompleted)
   at Microsoft.AspNetCore.Mvc.Infrastructure.ResourceInvoker.Rethrow(ResultExecutedContextSealed context)
   at Microsoft.AspNetCore.Mvc.Infrastructure.ResourceInvoker.ResultNext[TFilter,TFilterAsync](State& next, Scope& scope, Object& state, Boolean& isCompleted)
   at Microsoft.AspNetCore.Mvc.Infrastructure.ResourceInvoker.InvokeResultFilters()
--- End of stack trace from previous location ---
   at Microsoft.AspNetCore.Mvc.Infrastructure.ResourceInvoker.<InvokeNextResourceFilter>g__Awaited|25_0(ResourceInvoker invoker, Task lastTask, State next, Scope scope, Object state, Boolean isCompleted)
   at Microsoft.AspNetCore.Mvc.Infrastructure.ResourceInvoker.Rethrow(ResourceExecutedContextSealed context)
   at Microsoft.AspNetCore.Mvc.Infrastructure.ResourceInvoker.Next(State& next, Scope& scope, Object& state, Boolean& isCompleted)
   at Microsoft.AspNetCore.Mvc.Infrastructure.ResourceInvoker.InvokeFilterPipelineAsync()
--- End of stack trace from previous location ---
   at Microsoft.AspNetCore.Mvc.Infrastructure.ResourceInvoker.<InvokeAsync>g__Logged|17_1(ResourceInvoker invoker)
   at Microsoft.AspNetCore.Mvc.Infrastructure.ResourceInvoker.<InvokeAsync>g__Logged|17_1(ResourceInvoker invoker)
   at Microsoft.AspNetCore.Authorization.AuthorizationMiddleware.Invoke(HttpContext context)
   at Microsoft.AspNetCore.Authentication.AuthenticationMiddleware.Invoke(HttpContext context)
   at Serilog.AspNetCore.RequestLoggingMiddleware.Invoke(HttpContext httpContext)
   at Hogar.Web.Middleware.ErrorHandlingMiddleware.Invoke(HttpContext context)

2025-02-05 02:21:01.849 -06:00 [ERR] 
EventId :3534-250205022101
ErrorList :Invalid salt version
StackTrace :   at BCrypt.Net.BCrypt.HashPassword(String inputKey, String salt, Boolean enhancedEntropy, HashType hashType)
   at BCrypt.Net.BCrypt.Verify(String text, String hash, Boolean enhancedEntropy, HashType hashType)
   at Hogar.Infraestructure.Repository.Implementations.RepositoryUsuario.LoginAsync(String id, String password) in D:\Documents\UTN\TCU\Proyecto\Hogar V5\Hogar\Hogar.Infraestructure\Repository\Implementations\RepositoryUsuario.cs:line 60
   at Hogar.Application.Services.Implementations.ServiceUsuario.AuthenticateAsync(String username, String password) in D:\Documents\UTN\TCU\Proyecto\Hogar V5\Hogar\Hogar.Application\Services\Implementations\ServiceUsuario.cs:line 28
   at Hogar.Controllers.AccountController.Login(String username, String password) in D:\Documents\UTN\TCU\Proyecto\Hogar V5\Hogar\Hogar\Controllers\AccountController.cs:line 34
   at Microsoft.AspNetCore.Mvc.Infrastructure.ActionMethodExecutor.TaskOfIActionResultExecutor.Execute(ActionContext actionContext, IActionResultTypeMapper mapper, ObjectMethodExecutor executor, Object controller, Object[] arguments)
   at Microsoft.AspNetCore.Mvc.Infrastructure.ControllerActionInvoker.<InvokeActionMethodAsync>g__Logged|12_1(ControllerActionInvoker invoker)
   at Microsoft.AspNetCore.Mvc.Infrastructure.ControllerActionInvoker.<InvokeNextActionFilterAsync>g__Awaited|10_0(ControllerActionInvoker invoker, Task lastTask, State next, Scope scope, Object state, Boolean isCompleted)
   at Microsoft.AspNetCore.Mvc.Infrastructure.ControllerActionInvoker.Rethrow(ActionExecutedContextSealed context)
   at Microsoft.AspNetCore.Mvc.Infrastructure.ControllerActionInvoker.Next(State& next, Scope& scope, Object& state, Boolean& isCompleted)
   at Microsoft.AspNetCore.Mvc.Infrastructure.ControllerActionInvoker.<InvokeInnerFilterAsync>g__Awaited|13_0(ControllerActionInvoker invoker, Task lastTask, State next, Scope scope, Object state, Boolean isCompleted)
   at Microsoft.AspNetCore.Mvc.Infrastructure.ResourceInvoker.<InvokeNextResourceFilter>g__Awaited|25_0(ResourceInvoker invoker, Task lastTask, State next, Scope scope, Object state, Boolean isCompleted)
   at Microsoft.AspNetCore.Mvc.Infrastructure.ResourceInvoker.Rethrow(ResourceExecutedContextSealed context)
   at Microsoft.AspNetCore.Mvc.Infrastructure.ResourceInvoker.Next(State& next, Scope& scope, Object& state, Boolean& isCompleted)
   at Microsoft.AspNetCore.Mvc.Infrastructure.ResourceInvoker.<InvokeFilterPipelineAsync>g__Awaited|20_0(ResourceInvoker invoker, Task lastTask, State next, Scope scope, Object state, Boolean isCompleted)
   at Microsoft.AspNetCore.Mvc.Infrastructure.ResourceInvoker.<InvokeAsync>g__Logged|17_1(ResourceInvoker invoker)
   at Microsoft.AspNetCore.Mvc.Infrastructure.ResourceInvoker.<InvokeAsync>g__Logged|17_1(ResourceInvoker invoker)
   at Microsoft.AspNetCore.Authorization.AuthorizationMiddleware.Invoke(HttpContext context)
   at Microsoft.AspNetCore.Authentication.AuthenticationMiddleware.Invoke(HttpContext context)
   at Serilog.AspNetCore.RequestLoggingMiddleware.Invoke(HttpContext httpContext)
   at Hogar.Web.Middleware.ErrorHandlingMiddleware.Invoke(HttpContext context) in D:\Documents\UTN\TCU\Proyecto\Hogar V5\Hogar\Hogar\Middleware\ErrorHandlingMiddleware.cs:line 21

2025-02-05 15:20:06.188 -06:00 [ERR] Failed executing DbCommand (10ms) [Parameters=[@Id='1' (Nullable = false) (Size = 1), @Nombre='Fabian RA' (Nullable = false) (Size = 9), @Apellidos='Lopez Rodriguez' (Nullable = false) (Size = 15), @Correo='fabian.ramirez1329@gmail.com' (Nullable = false) (Size = 28), @Contrase?a='$2a$11$LZHk3qjtJPc2Lh5JTCCU7uwsGjILsbtC.GNLNuMl07OPYYUvczz3.' (Nullable = false) (Size = 60), @Tipo='0', @Estado='0'], CommandType='"Text"', CommandTimeout='30']

        UPDATE Usuario 
        SET 
            Nombre = @Nombre, 
            Apellidos = @Apellidos, 
            Correo = @Correo, 
            Contrase?a = @Contrase?a, 
            Tipo = @Tipo, 
            Estado = @Estado
        WHERE Id = @Id;
2025-02-05 15:20:28.340 -06:00 [ERR] Failed executing DbCommand (4ms) [Parameters=[@Id='1' (Nullable = false) (Size = 1), @Nombre='Fabian RA' (Nullable = false) (Size = 9), @Apellidos='Lopez Rodriguez' (Nullable = false) (Size = 15), @Correo='fabian.ramirez1329@gmail.com' (Nullable = false) (Size = 28), @Contrase?a='$2a$11$LZHk3qjtJPc2Lh5JTCCU7uwsGjILsbtC.GNLNuMl07OPYYUvczz3.' (Nullable = false) (Size = 60), @Tipo='0', @Estado='0'], CommandType='"Text"', CommandTimeout='30']

        UPDATE Usuario 
        SET 
            Nombre = @Nombre, 
            Apellidos = @Apellidos, 
            Correo = @Correo, 
            Contrase?a = @Contrase?a, 
            Tipo = @Tipo, 
            Estado = @Estado
        WHERE Id = @Id;
2025-02-05 15:23:28.131 -06:00 [ERR] Failed executing DbCommand (5ms) [Parameters=[@Id='0' (Nullable = false) (Size = 1), @Nombre='Admin' (Nullable = false) (Size = 5), @Apellidos='Admin' (Nullable = false) (Size = 5), @Correo='fabian.ramirez1329@gmail.com2' (Nullable = false) (Size = 29), @Contrase?a='$2a$11$ATPw3qvAmO7NifEdUI3qPeSkGmXdDbo78QdCJxi2OskfHlZJmmFsO' (Nullable = false) (Size = 60), @Tipo='0', @Estado='0'], CommandType='"Text"', CommandTimeout='30']

        UPDATE Usuario 
        SET 
            Nombre = @Nombre, 
            Apellidos = @Apellidos, 
            Correo = @Correo, 
            Contrase?a = @Contrase?a, 
            Tipo = @Tipo, 
            Estado = @Estado
        WHERE Id = @Id;
2025-02-05 15:24:10.560 -06:00 [ERR] 
EventId :4151-250205032410
ErrorList :Value cannot be null. (Parameter 'items')
StackTrace :   at System.ArgumentNullException.Throw(String paramName)
   at CallSite.Target(Closure, CallSite, Type, Object, String, String)
   at System.Dynamic.UpdateDelegates.UpdateAndExecute4[T0,T1,T2,T3,TRet](CallSite site, T0 arg0, T1 arg1, T2 arg2, T3 arg3)
   at AspNetCoreGeneratedDocument.Views_Usuario_Edit.<ExecuteAsync>b__35_0()
   at Microsoft.AspNetCore.Razor.Runtime.TagHelpers.TagHelperExecutionContext.GetChildContentAsync(Boolean useCachedResult, HtmlEncoder encoder)
   at Microsoft.AspNetCore.Mvc.TagHelpers.RenderAtEndOfFormTagHelper.ProcessAsync(TagHelperContext context, TagHelperOutput output)
   at Microsoft.AspNetCore.Razor.Runtime.TagHelpers.TagHelperRunner.<RunAsync>g__Awaited|0_0(Task task, TagHelperExecutionContext executionContext, Int32 i, Int32 count)
   at AspNetCoreGeneratedDocument.Views_Usuario_Edit.ExecuteAsync()
   at Microsoft.AspNetCore.Mvc.Razor.RazorView.RenderPageCoreAsync(IRazorPage page, ViewContext context)
   at Microsoft.AspNetCore.Mvc.Razor.RazorView.RenderPageAsync(IRazorPage page, ViewContext context, Boolean invokeViewStarts)
   at Microsoft.AspNetCore.Mvc.Razor.RazorView.RenderAsync(ViewContext context)
   at Microsoft.AspNetCore.Mvc.ViewFeatures.ViewExecutor.ExecuteAsync(ViewContext viewContext, String contentType, Nullable`1 statusCode)
   at Microsoft.AspNetCore.Mvc.ViewFeatures.ViewExecutor.ExecuteAsync(ViewContext viewContext, String contentType, Nullable`1 statusCode)
   at Microsoft.AspNetCore.Mvc.ViewFeatures.ViewExecutor.ExecuteAsync(ActionContext actionContext, IView view, ViewDataDictionary viewData, ITempDataDictionary tempData, String contentType, Nullable`1 statusCode)
   at Microsoft.AspNetCore.Mvc.ViewFeatures.ViewResultExecutor.ExecuteAsync(ActionContext context, ViewResult result)
   at Microsoft.AspNetCore.Mvc.ViewResult.ExecuteResultAsync(ActionContext context)
   at Microsoft.AspNetCore.Mvc.Infrastructure.ResourceInvoker.<InvokeResultAsync>g__Logged|22_0(ResourceInvoker invoker, IActionResult result)
   at Microsoft.AspNetCore.Mvc.Infrastructure.ResourceInvoker.<InvokeNextResultFilterAsync>g__Awaited|30_0[TFilter,TFilterAsync](ResourceInvoker invoker, Task lastTask, State next, Scope scope, Object state, Boolean isCompleted)
   at Microsoft.AspNetCore.Mvc.Infrastructure.ResourceInvoker.Rethrow(ResultExecutedContextSealed context)
   at Microsoft.AspNetCore.Mvc.Infrastructure.ResourceInvoker.ResultNext[TFilter,TFilterAsync](State& next, Scope& scope, Object& state, Boolean& isCompleted)
   at Microsoft.AspNetCore.Mvc.Infrastructure.ResourceInvoker.InvokeResultFilters()
--- End of stack trace from previous location ---
   at Microsoft.AspNetCore.Mvc.Infrastructure.ResourceInvoker.<InvokeNextResourceFilter>g__Awaited|25_0(ResourceInvoker invoker, Task lastTask, State next, Scope scope, Object state, Boolean isCompleted)
   at Microsoft.AspNetCore.Mvc.Infrastructure.ResourceInvoker.Rethrow(ResourceExecutedContextSealed context)
   at Microsoft.AspNetCore.Mvc.Infrastructure.ResourceInvoker.Next(State& next, Scope& scope, Object& state, Boolean& isCompleted)
   at Microsoft.AspNetCore.Mvc.Infrastructure.ResourceInvoker.<InvokeFilterPipelineAsync>g__Awaited|20_0(ResourceInvoker invoker, Task lastTask, State next, Scope scope, Object state, Boolean isCompleted)
   at Microsoft.AspNetCore.Mvc.Infrastructure.ResourceInvoker.<InvokeAsync>g__Logged|17_1(ResourceInvoker invoker)
   at Microsoft.AspNetCore.Mvc.Infrastructure.ResourceInvoker.<InvokeAsync>g__Logged|17_1(ResourceInvoker invoker)
   at Microsoft.AspNetCore.Authorization.AuthorizationMiddleware.Invoke(HttpContext context)
   at Microsoft.AspNetCore.Authentication.AuthenticationMiddleware.Invoke(HttpContext context)
   at Serilog.AspNetCore.RequestLoggingMiddleware.Invoke(HttpContext httpContext)
   at Hogar.Web.Middleware.ErrorHandlingMiddleware.Invoke(HttpContext context)

2025-02-05 15:27:24.975 -06:00 [ERR] Failed executing DbCommand (22ms) [Parameters=[@Id='1' (Nullable = false) (Size = 1), @Nombre='Fabian RA' (Nullable = false) (Size = 9), @Apellidos='Lopez Rodriguez' (Nullable = false) (Size = 15), @Correo='fabian.ramirez1329@gmail.com' (Nullable = false) (Size = 28), @Contrase?a='$2a$11$gpbX2rB/ybI5Qz1Wf09RK.Tb9BNVLKeG1dTRhvk/v0//M2Dy78QDK' (Nullable = false) (Size = 60), @Tipo='0', @Estado='1'], CommandType='"Text"', CommandTimeout='30']

        UPDATE Usuario 
        SET 
            Nombre = @Nombre, 
            Apellidos = @Apellidos, 
            Correo = @Correo, 
            Contrase?a = @Contrase?a, 
            Tipo = @Tipo, 
            Estado = @Estado
        WHERE Id = @Id;
2025-02-05 16:28:09.553 -06:00 [ERR] Failed executing DbCommand (12ms) [Parameters=[@Id='1' (Nullable = false) (Size = 1), @Nombre='Fabian RAEE' (Nullable = false) (Size = 11), @Apellidos='Lopez Altamirano Estrada' (Nullable = false) (Size = 24), @Correo='fabian.ramirez1329@gmail.com' (Nullable = false) (Size = 28), @Contrase?a='$2a$11$tmGyjn0yux0IQRaGBo6NKumBPxsU5S6hwdr9nRYdtUna3kqvzJz62' (Nullable = false) (Size = 60), @Tipo='0', @Estado='0'], CommandType='"Text"', CommandTimeout='30']

        UPDATE Usuario 
        SET 
            Nombre = @Nombre, 
            Apellidos = @Apellidos, 
            Correo = @Correo, 
            Contrase?a = @Contrase?a, 
            Tipo = @Tipo, 
            Estado = @Estado
        WHERE Id = @Id;
2025-02-05 16:34:37.302 -06:00 [ERR] Failed executing DbCommand (7ms) [Parameters=[@Id='2' (Nullable = false) (Size = 1), @Nombre='Juliana' (Nullable = false) (Size = 7), @Apellidos='Lopez Rios Porras' (Nullable = false) (Size = 17), @Correo='fabian.ramirez1329@gmail.com' (Nullable = false) (Size = 28), @Contrase?a='$2a$11$RrxhadaE5CUQ1StPuQeHbONJrwLMf4rFTtRGDmPpjR5CmMoEzNO/K' (Nullable = false) (Size = 60), @Tipo='0', @Estado='1'], CommandType='"Text"', CommandTimeout='30']

        UPDATE Usuario 
        SET 
            Nombre = @Nombre, 
            Apellidos = @Apellidos, 
            Correo = @Correo, 
            Contrase?a = @Contrase?a, 
            Tipo = @Tipo, 
            Estado = @Estado
        WHERE Id = @Id;
2025-02-05 16:34:58.845 -06:00 [ERR] Failed executing DbCommand (4ms) [Parameters=[@Id='2' (Nullable = false) (Size = 1), @Nombre='Juliana' (Nullable = false) (Size = 7), @Apellidos='Lopez Rios Porras' (Nullable = false) (Size = 17), @Correo='fabian.ramirez1329@gmail.com' (Nullable = false) (Size = 28), @Contrase?a='$2a$11$K65k4/cgZZMt5biIyAAfrOMhnXPz7NSlJTV38QSdsjVgHE35D.Vu2' (Nullable = false) (Size = 60), @Tipo='0', @Estado='1'], CommandType='"Text"', CommandTimeout='30']

        UPDATE Usuario 
        SET 
            Nombre = @Nombre, 
            Apellidos = @Apellidos, 
            Correo = @Correo, 
            Contrase?a = @Contrase?a, 
            Tipo = @Tipo, 
            Estado = @Estado
        WHERE Id = @Id;
2025-02-05 16:42:21.515 -06:00 [ERR] Failed executing DbCommand (14ms) [Parameters=[@Id='2' (Nullable = false) (Size = 1), @Nombre='Juliana' (Nullable = false) (Size = 7), @Apellidos='Lopez Rios' (Nullable = false) (Size = 10), @Correo='fabian.ramirez1329@gmail.com' (Nullable = false) (Size = 28), @Contrase?a='$2a$11$shpsd8Xy6p/kQLa6UHW60uK/8kM7lEBdH/u7.P0tvjPklb6jB41Oe' (Nullable = false) (Size = 60), @Tipo='0', @Estado='1'], CommandType='"Text"', CommandTimeout='30']

        UPDATE Usuario 
        SET 
            Nombre = @Nombre, 
            Apellidos = @Apellidos, 
            Correo = @Correo, 
            Contrase?a = @Contrase?a, 
            Tipo = @Tipo, 
            Estado = @Estado
        WHERE Id = @Id;
2025-02-05 16:43:00.554 -06:00 [ERR] Failed executing DbCommand (3ms) [Parameters=[@Id='2' (Nullable = false) (Size = 1), @Nombre='Juliana' (Nullable = false) (Size = 7), @Apellidos='Lopez Rios' (Nullable = false) (Size = 10), @Correo='fabian.ramirez1329@gmail.com' (Nullable = false) (Size = 28), @Contrase?a='$2a$11$Rn6L3lStO1idukzaJoT1jOATb94klewJZPop.rjPiV1ez9SuOHWSa' (Nullable = false) (Size = 60), @Tipo='0', @Estado='1'], CommandType='"Text"', CommandTimeout='30']

        UPDATE Usuario 
        SET 
            Nombre = @Nombre, 
            Apellidos = @Apellidos, 
            Correo = @Correo, 
            Contrase?a = @Contrase?a, 
            Tipo = @Tipo, 
            Estado = @Estado
        WHERE Id = @Id;
2025-02-05 16:43:06.023 -06:00 [ERR] Failed executing DbCommand (2ms) [Parameters=[@Id='2' (Nullable = false) (Size = 1), @Nombre='Juliana' (Nullable = false) (Size = 7), @Apellidos='Lopez Rios' (Nullable = false) (Size = 10), @Correo='fabian.ramirez1329@gmail.com' (Nullable = false) (Size = 28), @Contrase?a='$2a$11$oMexhG/cEmTWYNOh6zkTye0dACU9F5GGiTEUud73KR8Oq7S2.z8SG' (Nullable = false) (Size = 60), @Tipo='0', @Estado='1'], CommandType='"Text"', CommandTimeout='30']

        UPDATE Usuario 
        SET 
            Nombre = @Nombre, 
            Apellidos = @Apellidos, 
            Correo = @Correo, 
            Contrase?a = @Contrase?a, 
            Tipo = @Tipo, 
            Estado = @Estado
        WHERE Id = @Id;
2025-02-05 16:43:25.505 -06:00 [ERR] Failed executing DbCommand (4ms) [Parameters=[@Id='2' (Nullable = false) (Size = 1), @Nombre='Juliana' (Nullable = false) (Size = 7), @Apellidos='Lopez Rios' (Nullable = false) (Size = 10), @Correo='fabian.ramirez1329@gmail.com' (Nullable = false) (Size = 28), @Contrase?a='$2a$11$v9rHPRB2qimFsloIkzcLtewkL7eUl1kiQ4OLJIh8xNh44BUKwDL9i' (Nullable = false) (Size = 60), @Tipo='0', @Estado='1'], CommandType='"Text"', CommandTimeout='30']

        UPDATE Usuario 
        SET 
            Nombre = @Nombre, 
            Apellidos = @Apellidos, 
            Correo = @Correo, 
            Contrase?a = @Contrase?a, 
            Tipo = @Tipo, 
            Estado = @Estado
        WHERE Id = @Id;
2025-02-05 16:56:59.179 -06:00 [ERR] 
EventId :3042-250205045659
ErrorList :Invalid salt version
StackTrace :   at BCrypt.Net.BCrypt.HashPassword(String inputKey, String salt, Boolean enhancedEntropy, HashType hashType)
   at BCrypt.Net.BCrypt.Verify(String text, String hash, Boolean enhancedEntropy, HashType hashType)
   at Hogar.Infraestructure.Repository.Implementations.RepositoryUsuario.LoginAsync(String id, String password) in D:\Documents\UTN\TCU\Proyecto\Hogar V5\Hogar\Hogar.Infraestructure\Repository\Implementations\RepositoryUsuario.cs:line 60
   at Hogar.Application.Services.Implementations.ServiceUsuario.AuthenticateAsync(String username, String password) in D:\Documents\UTN\TCU\Proyecto\Hogar V5\Hogar\Hogar.Application\Services\Implementations\ServiceUsuario.cs:line 28
   at Hogar.Controllers.AccountController.Login(String username, String password)
   at Microsoft.AspNetCore.Mvc.Infrastructure.ActionMethodExecutor.TaskOfIActionResultExecutor.Execute(ActionContext actionContext, IActionResultTypeMapper mapper, ObjectMethodExecutor executor, Object controller, Object[] arguments)
   at Microsoft.AspNetCore.Mvc.Infrastructure.ControllerActionInvoker.<InvokeActionMethodAsync>g__Logged|12_1(ControllerActionInvoker invoker)
   at Microsoft.AspNetCore.Mvc.Infrastructure.ControllerActionInvoker.<InvokeNextActionFilterAsync>g__Awaited|10_0(ControllerActionInvoker invoker, Task lastTask, State next, Scope scope, Object state, Boolean isCompleted)
   at Microsoft.AspNetCore.Mvc.Infrastructure.ControllerActionInvoker.Rethrow(ActionExecutedContextSealed context)
   at Microsoft.AspNetCore.Mvc.Infrastructure.ControllerActionInvoker.Next(State& next, Scope& scope, Object& state, Boolean& isCompleted)
   at Microsoft.AspNetCore.Mvc.Infrastructure.ControllerActionInvoker.<InvokeInnerFilterAsync>g__Awaited|13_0(ControllerActionInvoker invoker, Task lastTask, State next, Scope scope, Object state, Boolean isCompleted)
   at Microsoft.AspNetCore.Mvc.Infrastructure.ResourceInvoker.<InvokeNextResourceFilter>g__Awaited|25_0(ResourceInvoker invoker, Task lastTask, State next, Scope scope, Object state, Boolean isCompleted)
   at Microsoft.AspNetCore.Mvc.Infrastructure.ResourceInvoker.Rethrow(ResourceExecutedContextSealed context)
   at Microsoft.AspNetCore.Mvc.Infrastructure.ResourceInvoker.Next(State& next, Scope& scope, Object& state, Boolean& isCompleted)
   at Microsoft.AspNetCore.Mvc.Infrastructure.ResourceInvoker.<InvokeFilterPipelineAsync>g__Awaited|20_0(ResourceInvoker invoker, Task lastTask, State next, Scope scope, Object state, Boolean isCompleted)
   at Microsoft.AspNetCore.Mvc.Infrastructure.ResourceInvoker.<InvokeAsync>g__Logged|17_1(ResourceInvoker invoker)
   at Microsoft.AspNetCore.Mvc.Infrastructure.ResourceInvoker.<InvokeAsync>g__Logged|17_1(ResourceInvoker invoker)
   at Microsoft.AspNetCore.Authorization.AuthorizationMiddleware.Invoke(HttpContext context)
   at Microsoft.AspNetCore.Authentication.AuthenticationMiddleware.Invoke(HttpContext context)
   at Serilog.AspNetCore.RequestLoggingMiddleware.Invoke(HttpContext httpContext)
   at Hogar.Web.Middleware.ErrorHandlingMiddleware.Invoke(HttpContext context)

2025-02-05 16:57:20.823 -06:00 [ERR] 
EventId :3853-250205045720
ErrorList :Invalid salt version
StackTrace :   at BCrypt.Net.BCrypt.HashPassword(String inputKey, String salt, Boolean enhancedEntropy, HashType hashType)
   at BCrypt.Net.BCrypt.Verify(String text, String hash, Boolean enhancedEntropy, HashType hashType)
   at Hogar.Infraestructure.Repository.Implementations.RepositoryUsuario.LoginAsync(String id, String password) in D:\Documents\UTN\TCU\Proyecto\Hogar V5\Hogar\Hogar.Infraestructure\Repository\Implementations\RepositoryUsuario.cs:line 60
   at Hogar.Application.Services.Implementations.ServiceUsuario.AuthenticateAsync(String username, String password) in D:\Documents\UTN\TCU\Proyecto\Hogar V5\Hogar\Hogar.Application\Services\Implementations\ServiceUsuario.cs:line 28
   at Hogar.Controllers.AccountController.Login(String username, String password)
   at Microsoft.AspNetCore.Mvc.Infrastructure.ActionMethodExecutor.TaskOfIActionResultExecutor.Execute(ActionContext actionContext, IActionResultTypeMapper mapper, ObjectMethodExecutor executor, Object controller, Object[] arguments)
   at Microsoft.AspNetCore.Mvc.Infrastructure.ControllerActionInvoker.<InvokeActionMethodAsync>g__Logged|12_1(ControllerActionInvoker invoker)
   at Microsoft.AspNetCore.Mvc.Infrastructure.ControllerActionInvoker.<InvokeNextActionFilterAsync>g__Awaited|10_0(ControllerActionInvoker invoker, Task lastTask, State next, Scope scope, Object state, Boolean isCompleted)
   at Microsoft.AspNetCore.Mvc.Infrastructure.ControllerActionInvoker.Rethrow(ActionExecutedContextSealed context)
   at Microsoft.AspNetCore.Mvc.Infrastructure.ControllerActionInvoker.Next(State& next, Scope& scope, Object& state, Boolean& isCompleted)
   at Microsoft.AspNetCore.Mvc.Infrastructure.ControllerActionInvoker.<InvokeInnerFilterAsync>g__Awaited|13_0(ControllerActionInvoker invoker, Task lastTask, State next, Scope scope, Object state, Boolean isCompleted)
   at Microsoft.AspNetCore.Mvc.Infrastructure.ResourceInvoker.<InvokeNextResourceFilter>g__Awaited|25_0(ResourceInvoker invoker, Task lastTask, State next, Scope scope, Object state, Boolean isCompleted)
   at Microsoft.AspNetCore.Mvc.Infrastructure.ResourceInvoker.Rethrow(ResourceExecutedContextSealed context)
   at Microsoft.AspNetCore.Mvc.Infrastructure.ResourceInvoker.Next(State& next, Scope& scope, Object& state, Boolean& isCompleted)
   at Microsoft.AspNetCore.Mvc.Infrastructure.ResourceInvoker.<InvokeFilterPipelineAsync>g__Awaited|20_0(ResourceInvoker invoker, Task lastTask, State next, Scope scope, Object state, Boolean isCompleted)
   at Microsoft.AspNetCore.Mvc.Infrastructure.ResourceInvoker.<InvokeAsync>g__Logged|17_1(ResourceInvoker invoker)
   at Microsoft.AspNetCore.Mvc.Infrastructure.ResourceInvoker.<InvokeAsync>g__Logged|17_1(ResourceInvoker invoker)
   at Microsoft.AspNetCore.Authorization.AuthorizationMiddleware.Invoke(HttpContext context)
   at Microsoft.AspNetCore.Authentication.AuthenticationMiddleware.Invoke(HttpContext context)
   at Serilog.AspNetCore.RequestLoggingMiddleware.Invoke(HttpContext httpContext)
   at Hogar.Web.Middleware.ErrorHandlingMiddleware.Invoke(HttpContext context)

2025-02-05 16:57:30.143 -06:00 [ERR] 
EventId :4193-250205045730
ErrorList :Invalid salt version
StackTrace :   at BCrypt.Net.BCrypt.HashPassword(String inputKey, String salt, Boolean enhancedEntropy, HashType hashType)
   at BCrypt.Net.BCrypt.Verify(String text, String hash, Boolean enhancedEntropy, HashType hashType)
   at Hogar.Infraestructure.Repository.Implementations.RepositoryUsuario.LoginAsync(String id, String password) in D:\Documents\UTN\TCU\Proyecto\Hogar V5\Hogar\Hogar.Infraestructure\Repository\Implementations\RepositoryUsuario.cs:line 60
   at Hogar.Application.Services.Implementations.ServiceUsuario.AuthenticateAsync(String username, String password) in D:\Documents\UTN\TCU\Proyecto\Hogar V5\Hogar\Hogar.Application\Services\Implementations\ServiceUsuario.cs:line 28
   at Hogar.Controllers.AccountController.Login(String username, String password)
   at Microsoft.AspNetCore.Mvc.Infrastructure.ActionMethodExecutor.TaskOfIActionResultExecutor.Execute(ActionContext actionContext, IActionResultTypeMapper mapper, ObjectMethodExecutor executor, Object controller, Object[] arguments)
   at Microsoft.AspNetCore.Mvc.Infrastructure.ControllerActionInvoker.<InvokeActionMethodAsync>g__Logged|12_1(ControllerActionInvoker invoker)
   at Microsoft.AspNetCore.Mvc.Infrastructure.ControllerActionInvoker.<InvokeNextActionFilterAsync>g__Awaited|10_0(ControllerActionInvoker invoker, Task lastTask, State next, Scope scope, Object state, Boolean isCompleted)
   at Microsoft.AspNetCore.Mvc.Infrastructure.ControllerActionInvoker.Rethrow(ActionExecutedContextSealed context)
   at Microsoft.AspNetCore.Mvc.Infrastructure.ControllerActionInvoker.Next(State& next, Scope& scope, Object& state, Boolean& isCompleted)
   at Microsoft.AspNetCore.Mvc.Infrastructure.ControllerActionInvoker.<InvokeInnerFilterAsync>g__Awaited|13_0(ControllerActionInvoker invoker, Task lastTask, State next, Scope scope, Object state, Boolean isCompleted)
   at Microsoft.AspNetCore.Mvc.Infrastructure.ResourceInvoker.<InvokeNextResourceFilter>g__Awaited|25_0(ResourceInvoker invoker, Task lastTask, State next, Scope scope, Object state, Boolean isCompleted)
   at Microsoft.AspNetCore.Mvc.Infrastructure.ResourceInvoker.Rethrow(ResourceExecutedContextSealed context)
   at Microsoft.AspNetCore.Mvc.Infrastructure.ResourceInvoker.Next(State& next, Scope& scope, Object& state, Boolean& isCompleted)
   at Microsoft.AspNetCore.Mvc.Infrastructure.ResourceInvoker.<InvokeFilterPipelineAsync>g__Awaited|20_0(ResourceInvoker invoker, Task lastTask, State next, Scope scope, Object state, Boolean isCompleted)
   at Microsoft.AspNetCore.Mvc.Infrastructure.ResourceInvoker.<InvokeAsync>g__Logged|17_1(ResourceInvoker invoker)
   at Microsoft.AspNetCore.Mvc.Infrastructure.ResourceInvoker.<InvokeAsync>g__Logged|17_1(ResourceInvoker invoker)
   at Microsoft.AspNetCore.Authorization.AuthorizationMiddleware.Invoke(HttpContext context)
   at Microsoft.AspNetCore.Authentication.AuthenticationMiddleware.Invoke(HttpContext context)
   at Serilog.AspNetCore.RequestLoggingMiddleware.Invoke(HttpContext httpContext)
   at Hogar.Web.Middleware.ErrorHandlingMiddleware.Invoke(HttpContext context)

2025-02-05 16:58:04.416 -06:00 [ERR] 
EventId :254-250205045804
ErrorList :Invalid salt version
StackTrace :   at BCrypt.Net.BCrypt.HashPassword(String inputKey, String salt, Boolean enhancedEntropy, HashType hashType)
   at BCrypt.Net.BCrypt.Verify(String text, String hash, Boolean enhancedEntropy, HashType hashType)
   at Hogar.Infraestructure.Repository.Implementations.RepositoryUsuario.LoginAsync(String id, String password) in D:\Documents\UTN\TCU\Proyecto\Hogar V5\Hogar\Hogar.Infraestructure\Repository\Implementations\RepositoryUsuario.cs:line 60
   at Hogar.Application.Services.Implementations.ServiceUsuario.AuthenticateAsync(String username, String password) in D:\Documents\UTN\TCU\Proyecto\Hogar V5\Hogar\Hogar.Application\Services\Implementations\ServiceUsuario.cs:line 28
   at Hogar.Controllers.AccountController.Login(String username, String password) in D:\Documents\UTN\TCU\Proyecto\Hogar V5\Hogar\Hogar\Controllers\AccountController.cs:line 34
   at Microsoft.AspNetCore.Mvc.Infrastructure.ActionMethodExecutor.TaskOfIActionResultExecutor.Execute(ActionContext actionContext, IActionResultTypeMapper mapper, ObjectMethodExecutor executor, Object controller, Object[] arguments)
   at Microsoft.AspNetCore.Mvc.Infrastructure.ControllerActionInvoker.<InvokeActionMethodAsync>g__Logged|12_1(ControllerActionInvoker invoker)
   at Microsoft.AspNetCore.Mvc.Infrastructure.ControllerActionInvoker.<InvokeNextActionFilterAsync>g__Awaited|10_0(ControllerActionInvoker invoker, Task lastTask, State next, Scope scope, Object state, Boolean isCompleted)
   at Microsoft.AspNetCore.Mvc.Infrastructure.ControllerActionInvoker.Rethrow(ActionExecutedContextSealed context)
   at Microsoft.AspNetCore.Mvc.Infrastructure.ControllerActionInvoker.Next(State& next, Scope& scope, Object& state, Boolean& isCompleted)
   at Microsoft.AspNetCore.Mvc.Infrastructure.ControllerActionInvoker.<InvokeInnerFilterAsync>g__Awaited|13_0(ControllerActionInvoker invoker, Task lastTask, State next, Scope scope, Object state, Boolean isCompleted)
   at Microsoft.AspNetCore.Mvc.Infrastructure.ResourceInvoker.<InvokeNextResourceFilter>g__Awaited|25_0(ResourceInvoker invoker, Task lastTask, State next, Scope scope, Object state, Boolean isCompleted)
   at Microsoft.AspNetCore.Mvc.Infrastructure.ResourceInvoker.Rethrow(ResourceExecutedContextSealed context)
   at Microsoft.AspNetCore.Mvc.Infrastructure.ResourceInvoker.Next(State& next, Scope& scope, Object& state, Boolean& isCompleted)
   at Microsoft.AspNetCore.Mvc.Infrastructure.ResourceInvoker.<InvokeFilterPipelineAsync>g__Awaited|20_0(ResourceInvoker invoker, Task lastTask, State next, Scope scope, Object state, Boolean isCompleted)
   at Microsoft.AspNetCore.Mvc.Infrastructure.ResourceInvoker.<InvokeAsync>g__Logged|17_1(ResourceInvoker invoker)
   at Microsoft.AspNetCore.Mvc.Infrastructure.ResourceInvoker.<InvokeAsync>g__Logged|17_1(ResourceInvoker invoker)
   at Microsoft.AspNetCore.Authorization.AuthorizationMiddleware.Invoke(HttpContext context)
   at Microsoft.AspNetCore.Authentication.AuthenticationMiddleware.Invoke(HttpContext context)
   at Serilog.AspNetCore.RequestLoggingMiddleware.Invoke(HttpContext httpContext)
   at Hogar.Web.Middleware.ErrorHandlingMiddleware.Invoke(HttpContext context) in D:\Documents\UTN\TCU\Proyecto\Hogar V5\Hogar\Hogar\Middleware\ErrorHandlingMiddleware.cs:line 21

2025-02-05 16:58:38.106 -06:00 [ERR] 
EventId :1356-250205045838
ErrorList :Invalid salt version
StackTrace :   at BCrypt.Net.BCrypt.HashPassword(String inputKey, String salt, Boolean enhancedEntropy, HashType hashType)
   at BCrypt.Net.BCrypt.Verify(String text, String hash, Boolean enhancedEntropy, HashType hashType)
   at Hogar.Infraestructure.Repository.Implementations.RepositoryUsuario.LoginAsync(String id, String password) in D:\Documents\UTN\TCU\Proyecto\Hogar V5\Hogar\Hogar.Infraestructure\Repository\Implementations\RepositoryUsuario.cs:line 60
   at Hogar.Application.Services.Implementations.ServiceUsuario.AuthenticateAsync(String username, String password) in D:\Documents\UTN\TCU\Proyecto\Hogar V5\Hogar\Hogar.Application\Services\Implementations\ServiceUsuario.cs:line 28
   at Hogar.Controllers.AccountController.Login(String username, String password) in D:\Documents\UTN\TCU\Proyecto\Hogar V5\Hogar\Hogar\Controllers\AccountController.cs:line 34
   at Microsoft.AspNetCore.Mvc.Infrastructure.ActionMethodExecutor.TaskOfIActionResultExecutor.Execute(ActionContext actionContext, IActionResultTypeMapper mapper, ObjectMethodExecutor executor, Object controller, Object[] arguments)
   at Microsoft.AspNetCore.Mvc.Infrastructure.ControllerActionInvoker.<InvokeActionMethodAsync>g__Logged|12_1(ControllerActionInvoker invoker)
   at Microsoft.AspNetCore.Mvc.Infrastructure.ControllerActionInvoker.<InvokeNextActionFilterAsync>g__Awaited|10_0(ControllerActionInvoker invoker, Task lastTask, State next, Scope scope, Object state, Boolean isCompleted)
   at Microsoft.AspNetCore.Mvc.Infrastructure.ControllerActionInvoker.Rethrow(ActionExecutedContextSealed context)
   at Microsoft.AspNetCore.Mvc.Infrastructure.ControllerActionInvoker.Next(State& next, Scope& scope, Object& state, Boolean& isCompleted)
   at Microsoft.AspNetCore.Mvc.Infrastructure.ControllerActionInvoker.<InvokeInnerFilterAsync>g__Awaited|13_0(ControllerActionInvoker invoker, Task lastTask, State next, Scope scope, Object state, Boolean isCompleted)
   at Microsoft.AspNetCore.Mvc.Infrastructure.ResourceInvoker.<InvokeNextResourceFilter>g__Awaited|25_0(ResourceInvoker invoker, Task lastTask, State next, Scope scope, Object state, Boolean isCompleted)
   at Microsoft.AspNetCore.Mvc.Infrastructure.ResourceInvoker.Rethrow(ResourceExecutedContextSealed context)
   at Microsoft.AspNetCore.Mvc.Infrastructure.ResourceInvoker.Next(State& next, Scope& scope, Object& state, Boolean& isCompleted)
   at Microsoft.AspNetCore.Mvc.Infrastructure.ResourceInvoker.<InvokeFilterPipelineAsync>g__Awaited|20_0(ResourceInvoker invoker, Task lastTask, State next, Scope scope, Object state, Boolean isCompleted)
   at Microsoft.AspNetCore.Mvc.Infrastructure.ResourceInvoker.<InvokeAsync>g__Logged|17_1(ResourceInvoker invoker)
   at Microsoft.AspNetCore.Mvc.Infrastructure.ResourceInvoker.<InvokeAsync>g__Logged|17_1(ResourceInvoker invoker)
   at Microsoft.AspNetCore.Authorization.AuthorizationMiddleware.Invoke(HttpContext context)
   at Microsoft.AspNetCore.Authentication.AuthenticationMiddleware.Invoke(HttpContext context)
   at Serilog.AspNetCore.RequestLoggingMiddleware.Invoke(HttpContext httpContext)
   at Hogar.Web.Middleware.ErrorHandlingMiddleware.Invoke(HttpContext context) in D:\Documents\UTN\TCU\Proyecto\Hogar V5\Hogar\Hogar\Middleware\ErrorHandlingMiddleware.cs:line 21

2025-02-05 16:58:43.622 -06:00 [ERR] 
EventId :73-250205045843
ErrorList :Invalid salt version
StackTrace :   at BCrypt.Net.BCrypt.HashPassword(String inputKey, String salt, Boolean enhancedEntropy, HashType hashType)
   at BCrypt.Net.BCrypt.Verify(String text, String hash, Boolean enhancedEntropy, HashType hashType)
   at Hogar.Infraestructure.Repository.Implementations.RepositoryUsuario.LoginAsync(String id, String password) in D:\Documents\UTN\TCU\Proyecto\Hogar V5\Hogar\Hogar.Infraestructure\Repository\Implementations\RepositoryUsuario.cs:line 60
   at Hogar.Application.Services.Implementations.ServiceUsuario.AuthenticateAsync(String username, String password) in D:\Documents\UTN\TCU\Proyecto\Hogar V5\Hogar\Hogar.Application\Services\Implementations\ServiceUsuario.cs:line 28
   at Hogar.Controllers.AccountController.Login(String username, String password) in D:\Documents\UTN\TCU\Proyecto\Hogar V5\Hogar\Hogar\Controllers\AccountController.cs:line 34
   at Microsoft.AspNetCore.Mvc.Infrastructure.ActionMethodExecutor.TaskOfIActionResultExecutor.Execute(ActionContext actionContext, IActionResultTypeMapper mapper, ObjectMethodExecutor executor, Object controller, Object[] arguments)
   at Microsoft.AspNetCore.Mvc.Infrastructure.ControllerActionInvoker.<InvokeActionMethodAsync>g__Logged|12_1(ControllerActionInvoker invoker)
   at Microsoft.AspNetCore.Mvc.Infrastructure.ControllerActionInvoker.<InvokeNextActionFilterAsync>g__Awaited|10_0(ControllerActionInvoker invoker, Task lastTask, State next, Scope scope, Object state, Boolean isCompleted)
   at Microsoft.AspNetCore.Mvc.Infrastructure.ControllerActionInvoker.Rethrow(ActionExecutedContextSealed context)
   at Microsoft.AspNetCore.Mvc.Infrastructure.ControllerActionInvoker.Next(State& next, Scope& scope, Object& state, Boolean& isCompleted)
   at Microsoft.AspNetCore.Mvc.Infrastructure.ControllerActionInvoker.<InvokeInnerFilterAsync>g__Awaited|13_0(ControllerActionInvoker invoker, Task lastTask, State next, Scope scope, Object state, Boolean isCompleted)
   at Microsoft.AspNetCore.Mvc.Infrastructure.ResourceInvoker.<InvokeNextResourceFilter>g__Awaited|25_0(ResourceInvoker invoker, Task lastTask, State next, Scope scope, Object state, Boolean isCompleted)
   at Microsoft.AspNetCore.Mvc.Infrastructure.ResourceInvoker.Rethrow(ResourceExecutedContextSealed context)
   at Microsoft.AspNetCore.Mvc.Infrastructure.ResourceInvoker.Next(State& next, Scope& scope, Object& state, Boolean& isCompleted)
   at Microsoft.AspNetCore.Mvc.Infrastructure.ResourceInvoker.<InvokeFilterPipelineAsync>g__Awaited|20_0(ResourceInvoker invoker, Task lastTask, State next, Scope scope, Object state, Boolean isCompleted)
   at Microsoft.AspNetCore.Mvc.Infrastructure.ResourceInvoker.<InvokeAsync>g__Logged|17_1(ResourceInvoker invoker)
   at Microsoft.AspNetCore.Mvc.Infrastructure.ResourceInvoker.<InvokeAsync>g__Logged|17_1(ResourceInvoker invoker)
   at Microsoft.AspNetCore.Authorization.AuthorizationMiddleware.Invoke(HttpContext context)
   at Microsoft.AspNetCore.Authentication.AuthenticationMiddleware.Invoke(HttpContext context)
   at Serilog.AspNetCore.RequestLoggingMiddleware.Invoke(HttpContext httpContext)
   at Hogar.Web.Middleware.ErrorHandlingMiddleware.Invoke(HttpContext context) in D:\Documents\UTN\TCU\Proyecto\Hogar V5\Hogar\Hogar\Middleware\ErrorHandlingMiddleware.cs:line 21

2025-02-05 16:59:31.968 -06:00 [ERR] 
EventId :2025-250205045931
ErrorList :Invalid salt version
StackTrace :   at BCrypt.Net.BCrypt.HashPassword(String inputKey, String salt, Boolean enhancedEntropy, HashType hashType)
   at BCrypt.Net.BCrypt.Verify(String text, String hash, Boolean enhancedEntropy, HashType hashType)
   at Hogar.Infraestructure.Repository.Implementations.RepositoryUsuario.LoginAsync(String id, String password) in D:\Documents\UTN\TCU\Proyecto\Hogar V5\Hogar\Hogar.Infraestructure\Repository\Implementations\RepositoryUsuario.cs:line 60
   at Hogar.Application.Services.Implementations.ServiceUsuario.AuthenticateAsync(String username, String password) in D:\Documents\UTN\TCU\Proyecto\Hogar V5\Hogar\Hogar.Application\Services\Implementations\ServiceUsuario.cs:line 28
   at Hogar.Controllers.AccountController.Login(String username, String password) in D:\Documents\UTN\TCU\Proyecto\Hogar V5\Hogar\Hogar\Controllers\AccountController.cs:line 34
   at Microsoft.AspNetCore.Mvc.Infrastructure.ActionMethodExecutor.TaskOfIActionResultExecutor.Execute(ActionContext actionContext, IActionResultTypeMapper mapper, ObjectMethodExecutor executor, Object controller, Object[] arguments)
   at Microsoft.AspNetCore.Mvc.Infrastructure.ControllerActionInvoker.<InvokeActionMethodAsync>g__Logged|12_1(ControllerActionInvoker invoker)
   at Microsoft.AspNetCore.Mvc.Infrastructure.ControllerActionInvoker.<InvokeNextActionFilterAsync>g__Awaited|10_0(ControllerActionInvoker invoker, Task lastTask, State next, Scope scope, Object state, Boolean isCompleted)
   at Microsoft.AspNetCore.Mvc.Infrastructure.ControllerActionInvoker.Rethrow(ActionExecutedContextSealed context)
   at Microsoft.AspNetCore.Mvc.Infrastructure.ControllerActionInvoker.Next(State& next, Scope& scope, Object& state, Boolean& isCompleted)
   at Microsoft.AspNetCore.Mvc.Infrastructure.ControllerActionInvoker.<InvokeInnerFilterAsync>g__Awaited|13_0(ControllerActionInvoker invoker, Task lastTask, State next, Scope scope, Object state, Boolean isCompleted)
   at Microsoft.AspNetCore.Mvc.Infrastructure.ResourceInvoker.<InvokeNextResourceFilter>g__Awaited|25_0(ResourceInvoker invoker, Task lastTask, State next, Scope scope, Object state, Boolean isCompleted)
   at Microsoft.AspNetCore.Mvc.Infrastructure.ResourceInvoker.Rethrow(ResourceExecutedContextSealed context)
   at Microsoft.AspNetCore.Mvc.Infrastructure.ResourceInvoker.Next(State& next, Scope& scope, Object& state, Boolean& isCompleted)
   at Microsoft.AspNetCore.Mvc.Infrastructure.ResourceInvoker.<InvokeFilterPipelineAsync>g__Awaited|20_0(ResourceInvoker invoker, Task lastTask, State next, Scope scope, Object state, Boolean isCompleted)
   at Microsoft.AspNetCore.Mvc.Infrastructure.ResourceInvoker.<InvokeAsync>g__Logged|17_1(ResourceInvoker invoker)
   at Microsoft.AspNetCore.Mvc.Infrastructure.ResourceInvoker.<InvokeAsync>g__Logged|17_1(ResourceInvoker invoker)
   at Microsoft.AspNetCore.Authorization.AuthorizationMiddleware.Invoke(HttpContext context)
   at Microsoft.AspNetCore.Authentication.AuthenticationMiddleware.Invoke(HttpContext context)
   at Serilog.AspNetCore.RequestLoggingMiddleware.Invoke(HttpContext httpContext)
   at Hogar.Web.Middleware.ErrorHandlingMiddleware.Invoke(HttpContext context) in D:\Documents\UTN\TCU\Proyecto\Hogar V5\Hogar\Hogar\Middleware\ErrorHandlingMiddleware.cs:line 21

